1513354407248	geckodriver	INFO	geckodriver 0.18.0
1513354407251	geckodriver	INFO	Listening on 127.0.0.1:53580
1513354407420	geckodriver::marionette	INFO	Starting browser /usr/bin/firefox with args ["-marionette"]
1513354409429	Marionette	INFO	Enabled via --marionette

(firefox:56): GLib-GObject-CRITICAL **: g_object_ref: assertion 'object->ref_count > 0' failed

(firefox:56): GLib-GObject-CRITICAL **: g_object_unref: assertion 'object->ref_count > 0' failed

(firefox:56): GLib-GObject-CRITICAL **: g_object_ref: assertion 'object->ref_count > 0' failed

(firefox:56): GLib-GObject-CRITICAL **: g_object_unref: assertion 'object->ref_count > 0' failed

(firefox:56): GLib-GObject-CRITICAL **: g_object_ref: assertion 'object->ref_count > 0' failed

(firefox:56): GLib-GObject-CRITICAL **: g_object_unref: assertion 'object->ref_count > 0' failed

(/usr/lib/firefox/firefox:114): GLib-GObject-CRITICAL **: g_object_ref: assertion 'object->ref_count > 0' failed

(/usr/lib/firefox/firefox:114): GLib-GObject-CRITICAL **: g_object_unref: assertion 'object->ref_count > 0' failed

(/usr/lib/firefox/firefox:114): GLib-GObject-CRITICAL **: g_object_ref: assertion 'object->ref_count > 0' failed

(/usr/lib/firefox/firefox:114): GLib-GObject-CRITICAL **: g_object_unref: assertion 'object->ref_count > 0' failed

(/usr/lib/firefox/firefox:114): GLib-GObject-CRITICAL **: g_object_ref: assertion 'object->ref_count > 0' failed

(/usr/lib/firefox/firefox:114): GLib-GObject-CRITICAL **: g_object_unref: assertion 'object->ref_count > 0' failed
1513354411729	Marionette	INFO	Listening on port 53584
1513354411760	Marionette	WARN	TLS certificate errors will be ignored for this session
1513354411815	Marionette	DEBUG	Register listener.js for window 2147483649
1513354411848	Marionette	DEBUG	Received DOM event "beforeunload" for "about:blank"
1513354412874	Marionette	DEBUG	Received DOM event "beforeunload" for "about:blank"
1513354412876	Marionette	DEBUG	Received DOM event "pagehide" for "about:blank"
1513354412876	Marionette	DEBUG	Received DOM event "unload" for "about:blank"
1513354412916	Marionette	DEBUG	Received DOM event "DOMContentLoaded" for "about:neterror?e=connectionFailure&u=http%3A//localhost%3A8000/&c=UTF-8&f=regular&d=Firefox%20can%E2%80%99t%20establish%20a%20connection%20to%20the%20server%20at%20localhost%3A8000."
1513354527919	geckodriver	INFO	geckodriver 0.18.0
1513354527923	geckodriver	INFO	Listening on 127.0.0.1:53640
1513354528089	geckodriver::marionette	INFO	Starting browser /usr/bin/firefox with args ["-marionette"]
1513354530090	Marionette	INFO	Enabled via --marionette

(firefox:280): GLib-GObject-CRITICAL **: g_object_ref: assertion 'object->ref_count > 0' failed

(firefox:280): GLib-GObject-CRITICAL **: g_object_unref: assertion 'object->ref_count > 0' failed

(firefox:280): GLib-GObject-CRITICAL **: g_object_ref: assertion 'object->ref_count > 0' failed

(firefox:280): GLib-GObject-CRITICAL **: g_object_unref: assertion 'object->ref_count > 0' failed

(firefox:280): GLib-GObject-CRITICAL **: g_object_ref: assertion 'object->ref_count > 0' failed

(firefox:280): GLib-GObject-CRITICAL **: g_object_unref: assertion 'object->ref_count > 0' failed

(/usr/lib/firefox/firefox:336): GLib-GObject-CRITICAL **: g_object_ref: assertion 'object->ref_count > 0' failed

(/usr/lib/firefox/firefox:336): GLib-GObject-CRITICAL **: g_object_unref: assertion 'object->ref_count > 0' failed

(/usr/lib/firefox/firefox:336): GLib-GObject-CRITICAL **: g_object_ref: assertion 'object->ref_count > 0' failed

(/usr/lib/firefox/firefox:336): GLib-GObject-CRITICAL **: g_object_unref: assertion 'object->ref_count > 0' failed

(/usr/lib/firefox/firefox:336): GLib-GObject-CRITICAL **: g_object_ref: assertion 'object->ref_count > 0' failed

(/usr/lib/firefox/firefox:336): GLib-GObject-CRITICAL **: g_object_unref: assertion 'object->ref_count > 0' failed
1513354532318	Marionette	INFO	Listening on port 53644
1513354532444	Marionette	WARN	TLS certificate errors will be ignored for this session
1513354532501	Marionette	DEBUG	Register listener.js for window 2147483649
1513354532545	Marionette	DEBUG	Received DOM event "beforeunload" for "about:blank"
1513354532582	Marionette	DEBUG	Received DOM event "pagehide" for "about:blank"
1513354532583	Marionette	DEBUG	Received DOM event "unload" for "about:blank"
1513354532633	Marionette	DEBUG	Received DOM event "DOMContentLoaded" for "http://localhost:8000/"
1513354532637	Marionette	DEBUG	Received DOM event "pageshow" for "http://localhost:8000/"
1513355498019	geckodriver	INFO	geckodriver 0.18.0
1513355498022	geckodriver	INFO	Listening on 127.0.0.1:53791
1513355498195	geckodriver::marionette	INFO	Starting browser /usr/bin/firefox with args ["-marionette"]
1513355500186	Marionette	INFO	Enabled via --marionette

(firefox:475): GLib-GObject-CRITICAL **: g_object_ref: assertion 'object->ref_count > 0' failed

(firefox:475): GLib-GObject-CRITICAL **: g_object_unref: assertion 'object->ref_count > 0' failed

(firefox:475): GLib-GObject-CRITICAL **: g_object_ref: assertion 'object->ref_count > 0' failed

(firefox:475): GLib-GObject-CRITICAL **: g_object_unref: assertion 'object->ref_count > 0' failed

(firefox:475): GLib-GObject-CRITICAL **: g_object_ref: assertion 'object->ref_count > 0' failed

(firefox:475): GLib-GObject-CRITICAL **: g_object_unref: assertion 'object->ref_count > 0' failed

(/usr/lib/firefox/firefox:530): GLib-GObject-CRITICAL **: g_object_ref: assertion 'object->ref_count > 0' failed

(/usr/lib/firefox/firefox:530): GLib-GObject-CRITICAL **: g_object_unref: assertion 'object->ref_count > 0' failed

(/usr/lib/firefox/firefox:530): GLib-GObject-CRITICAL **: g_object_ref: assertion 'object->ref_count > 0' failed

(/usr/lib/firefox/firefox:530): GLib-GObject-CRITICAL **: g_object_unref: assertion 'object->ref_count > 0' failed

(/usr/lib/firefox/firefox:530): GLib-GObject-CRITICAL **: g_object_ref: assertion 'object->ref_count > 0' failed

(/usr/lib/firefox/firefox:530): GLib-GObject-CRITICAL **: g_object_unref: assertion 'object->ref_count > 0' failed
1513355502423	Marionette	INFO	Listening on port 53795
1513355502570	Marionette	WARN	TLS certificate errors will be ignored for this session
1513355502628	Marionette	DEBUG	Register listener.js for window 2147483649
1513355502667	Marionette	DEBUG	Received DOM event "beforeunload" for "about:blank"
1513355502698	Marionette	DEBUG	Received DOM event "pagehide" for "about:blank"
1513355502698	Marionette	DEBUG	Received DOM event "unload" for "about:blank"
1513355502741	Marionette	DEBUG	Received DOM event "DOMContentLoaded" for "http://localhost:8000/"
1513355502743	Marionette	DEBUG	Received DOM event "pageshow" for "http://localhost:8000/"
1513355515028	geckodriver	INFO	geckodriver 0.18.0
1513355515032	geckodriver	INFO	Listening on 127.0.0.1:53817
1513355515207	geckodriver::marionette	INFO	Starting browser /usr/bin/firefox with args ["-marionette"]
1513355517227	Marionette	INFO	Enabled via --marionette

(firefox:617): GLib-GObject-CRITICAL **: g_object_ref: assertion 'object->ref_count > 0' failed

(firefox:617): GLib-GObject-CRITICAL **: g_object_unref: assertion 'object->ref_count > 0' failed

(firefox:617): GLib-GObject-CRITICAL **: g_object_ref: assertion 'object->ref_count > 0' failed

(firefox:617): GLib-GObject-CRITICAL **: g_object_unref: assertion 'object->ref_count > 0' failed

(firefox:617): GLib-GObject-CRITICAL **: g_object_ref: assertion 'object->ref_count > 0' failed

(firefox:617): GLib-GObject-CRITICAL **: g_object_unref: assertion 'object->ref_count > 0' failed

(/usr/lib/firefox/firefox:677): GLib-GObject-CRITICAL **: g_object_ref: assertion 'object->ref_count > 0' failed

(/usr/lib/firefox/firefox:677): GLib-GObject-CRITICAL **: g_object_unref: assertion 'object->ref_count > 0' failed

(/usr/lib/firefox/firefox:677): GLib-GObject-CRITICAL **: g_object_ref: assertion 'object->ref_count > 0' failed

(/usr/lib/firefox/firefox:677): GLib-GObject-CRITICAL **: g_object_unref: assertion 'object->ref_count > 0' failed

(/usr/lib/firefox/firefox:677): GLib-GObject-CRITICAL **: g_object_ref: assertion 'object->ref_count > 0' failed

(/usr/lib/firefox/firefox:677): GLib-GObject-CRITICAL **: g_object_unref: assertion 'object->ref_count > 0' failed
1513355519484	Marionette	INFO	Listening on port 53821
1513355519584	Marionette	WARN	TLS certificate errors will be ignored for this session
1513355519642	Marionette	DEBUG	Register listener.js for window 2147483649
1513355519699	Marionette	DEBUG	Received DOM event "beforeunload" for "about:blank"
1513355519732	Marionette	DEBUG	Received DOM event "pagehide" for "about:blank"
1513355519732	Marionette	DEBUG	Received DOM event "unload" for "about:blank"
1513355519739	Marionette	DEBUG	Received DOM event "DOMContentLoaded" for "http://localhost:8000/"
1513355519776	Marionette	DEBUG	Received DOM event "pageshow" for "http://localhost:8000/"
*** UTM:SVC TimerManager:registerTimer called after profile-before-change notification. Ignoring timer registration for id: telemetry_modules_ping

(firefox:617): GLib-GObject-CRITICAL **: g_object_ref: assertion 'object->ref_count > 0' failed

(firefox:617): GLib-GObject-CRITICAL **: g_object_unref: assertion 'object->ref_count > 0' failed

(firefox:617): GLib-GObject-CRITICAL **: g_object_ref: assertion 'object->ref_count > 0' failed

(firefox:617): GLib-GObject-CRITICAL **: g_object_unref: assertion 'object->ref_count > 0' failed

(firefox:617): GLib-GObject-CRITICAL **: g_object_ref: assertion 'object->ref_count > 0' failed

(firefox:617): GLib-GObject-CRITICAL **: g_object_unref: assertion 'object->ref_count > 0' failed

(firefox:617): GLib-GObject-CRITICAL **: g_object_ref: assertion 'object->ref_count > 0' failed

(firefox:617): GLib-GObject-CRITICAL **: g_object_unref: assertion 'object->ref_count > 0' failed

(firefox:617): GLib-GObject-CRITICAL **: g_object_ref: assertion 'object->ref_count > 0' failed

(firefox:617): GLib-GObject-CRITICAL **: g_object_unref: assertion 'object->ref_count > 0' failed

(firefox:617): GLib-GObject-CRITICAL **: g_object_ref: assertion 'object->ref_count > 0' failed

(firefox:617): GLib-GObject-CRITICAL **: g_object_unref: assertion 'object->ref_count > 0' failed

(firefox:617): GLib-GObject-CRITICAL **: g_object_ref: assertion 'object->ref_count > 0' failed

(firefox:617): GLib-GObject-CRITICAL **: g_object_unref: assertion 'object->ref_count > 0' failed
*** UTM:SVC TimerManager:registerTimer called after profile-before-change notification. Ignoring timer registration for id: telemetry_modules_ping

(firefox:475): GLib-GObject-CRITICAL **: g_object_ref: assertion 'object->ref_count > 0' failed

(firefox:475): GLib-GObject-CRITICAL **: g_object_unref: assertion 'object->ref_count > 0' failed

(firefox:475): GLib-GObject-CRITICAL **: g_object_ref: assertion 'object->ref_count > 0' failed

(firefox:475): GLib-GObject-CRITICAL **: g_object_unref: assertion 'object->ref_count > 0' failed

(firefox:475): GLib-GObject-CRITICAL **: g_object_ref: assertion 'object->ref_count > 0' failed

(firefox:475): GLib-GObject-CRITICAL **: g_object_unref: assertion 'object->ref_count > 0' failed

(firefox:475): GLib-GObject-CRITICAL **: g_object_ref: assertion 'object->ref_count > 0' failed

(firefox:475): GLib-GObject-CRITICAL **: g_object_unref: assertion 'object->ref_count > 0' failed

(firefox:475): GLib-GObject-CRITICAL **: g_object_ref: assertion 'object->ref_count > 0' failed

(firefox:475): GLib-GObject-CRITICAL **: g_object_unref: assertion 'object->ref_count > 0' failed

(firefox:475): GLib-GObject-CRITICAL **: g_object_ref: assertion 'object->ref_count > 0' failed

(firefox:475): GLib-GObject-CRITICAL **: g_object_unref: assertion 'object->ref_count > 0' failed

(firefox:475): GLib-GObject-CRITICAL **: g_object_ref: assertion 'object->ref_count > 0' failed

(firefox:475): GLib-GObject-CRITICAL **: g_object_unref: assertion 'object->ref_count > 0' failed

(firefox:56): GLib-GObject-CRITICAL **: g_object_ref: assertion 'object->ref_count > 0' failed

(firefox:56): GLib-GObject-CRITICAL **: g_object_unref: assertion 'object->ref_count > 0' failed

(firefox:56): GLib-GObject-CRITICAL **: g_object_ref: assertion 'object->ref_count > 0' failed

(firefox:56): GLib-GObject-CRITICAL **: g_object_unref: assertion 'object->ref_count > 0' failed

(firefox:56): GLib-GObject-CRITICAL **: g_object_ref: assertion 'object->ref_count > 0' failed

(firefox:56): GLib-GObject-CRITICAL **: g_object_unref: assertion 'object->ref_count > 0' failed

(firefox:56): GLib-GObject-CRITICAL **: g_object_ref: assertion 'object->ref_count > 0' failed

(firefox:56): GLib-GObject-CRITICAL **: g_object_unref: assertion 'object->ref_count > 0' failed

(firefox:56): GLib-GObject-CRITICAL **: g_object_ref: assertion 'object->ref_count > 0' failed

(firefox:56): GLib-GObject-CRITICAL **: g_object_unref: assertion 'object->ref_count > 0' failed

(firefox:56): GLib-GObject-CRITICAL **: g_object_ref: assertion 'object->ref_count > 0' failed

(firefox:56): GLib-GObject-CRITICAL **: g_object_unref: assertion 'object->ref_count > 0' failed

(firefox:56): GLib-GObject-CRITICAL **: g_object_ref: assertion 'object->ref_count > 0' failed

(firefox:56): GLib-GObject-CRITICAL **: g_object_unref: assertion 'object->ref_count > 0' failed

(firefox:280): GLib-GObject-CRITICAL **: g_object_ref: assertion 'object->ref_count > 0' failed

(firefox:280): GLib-GObject-CRITICAL **: g_object_unref: assertion 'object->ref_count > 0' failed

(firefox:280): GLib-GObject-CRITICAL **: g_object_ref: assertion 'object->ref_count > 0' failed

(firefox:280): GLib-GObject-CRITICAL **: g_object_unref: assertion 'object->ref_count > 0' failed

(firefox:280): GLib-GObject-CRITICAL **: g_object_ref: assertion 'object->ref_count > 0' failed

(firefox:280): GLib-GObject-CRITICAL **: g_object_unref: assertion 'object->ref_count > 0' failed

(firefox:280): GLib-GObject-CRITICAL **: g_object_ref: assertion 'object->ref_count > 0' failed

(firefox:280): GLib-GObject-CRITICAL **: g_object_unref: assertion 'object->ref_count > 0' failed

(firefox:280): GLib-GObject-CRITICAL **: g_object_ref: assertion 'object->ref_count > 0' failed

(firefox:280): GLib-GObject-CRITICAL **: g_object_unref: assertion 'object->ref_count > 0' failed

(firefox:280): GLib-GObject-CRITICAL **: g_object_ref: assertion 'object->ref_count > 0' failed

(firefox:280): GLib-GObject-CRITICAL **: g_object_unref: assertion 'object->ref_count > 0' failed

(firefox:280): GLib-GObject-CRITICAL **: g_object_ref: assertion 'object->ref_count > 0' failed

(firefox:280): GLib-GObject-CRITICAL **: g_object_unref: assertion 'object->ref_count > 0' failed
1513356096209	geckodriver	INFO	geckodriver 0.18.0
1513356096213	geckodriver	INFO	Listening on 127.0.0.1:53974
1513356096377	geckodriver::marionette	INFO	Starting browser /usr/bin/firefox with args ["-marionette"]
1513356098538	Marionette	INFO	Enabled via --marionette

(firefox:779): GLib-GObject-CRITICAL **: g_object_ref: assertion 'object->ref_count > 0' failed

(firefox:779): GLib-GObject-CRITICAL **: g_object_unref: assertion 'object->ref_count > 0' failed

(firefox:779): GLib-GObject-CRITICAL **: g_object_ref: assertion 'object->ref_count > 0' failed

(firefox:779): GLib-GObject-CRITICAL **: g_object_unref: assertion 'object->ref_count > 0' failed

(firefox:779): GLib-GObject-CRITICAL **: g_object_ref: assertion 'object->ref_count > 0' failed

(firefox:779): GLib-GObject-CRITICAL **: g_object_unref: assertion 'object->ref_count > 0' failed

(/usr/lib/firefox/firefox:837): GLib-GObject-CRITICAL **: g_object_ref: assertion 'object->ref_count > 0' failed

(/usr/lib/firefox/firefox:837): GLib-GObject-CRITICAL **: g_object_unref: assertion 'object->ref_count > 0' failed

(/usr/lib/firefox/firefox:837): GLib-GObject-CRITICAL **: g_object_ref: assertion 'object->ref_count > 0' failed

(/usr/lib/firefox/firefox:837): GLib-GObject-CRITICAL **: g_object_unref: assertion 'object->ref_count > 0' failed

(/usr/lib/firefox/firefox:837): GLib-GObject-CRITICAL **: g_object_ref: assertion 'object->ref_count > 0' failed

(/usr/lib/firefox/firefox:837): GLib-GObject-CRITICAL **: g_object_unref: assertion 'object->ref_count > 0' failed
1513356100809	Marionette	INFO	Listening on port 53978
1513356101309	Marionette	WARN	TLS certificate errors will be ignored for this session
1513356101360	Marionette	DEBUG	Register listener.js for window 2147483649
1513356101385	Marionette	DEBUG	Received DOM event "beforeunload" for "about:blank"
1513356101406	Marionette	DEBUG	Received DOM event "pagehide" for "about:blank"
1513356101406	Marionette	DEBUG	Received DOM event "unload" for "about:blank"
1513356101450	Marionette	DEBUG	Received DOM event "DOMContentLoaded" for "http://localhost:8000/"
1513356101452	Marionette	DEBUG	Received DOM event "pageshow" for "http://localhost:8000/"
1513362187173	geckodriver	INFO	geckodriver 0.18.0
1513362187177	geckodriver	INFO	Listening on 127.0.0.1:55032
1513362187345	geckodriver::marionette	INFO	Starting browser /usr/bin/firefox with args ["-marionette"]
1513362189351	Marionette	INFO	Enabled via --marionette

(firefox:134): GLib-GObject-CRITICAL **: g_object_ref: assertion 'object->ref_count > 0' failed

(firefox:134): GLib-GObject-CRITICAL **: g_object_unref: assertion 'object->ref_count > 0' failed

(firefox:134): GLib-GObject-CRITICAL **: g_object_ref: assertion 'object->ref_count > 0' failed

(firefox:134): GLib-GObject-CRITICAL **: g_object_unref: assertion 'object->ref_count > 0' failed

(firefox:134): GLib-GObject-CRITICAL **: g_object_ref: assertion 'object->ref_count > 0' failed

(firefox:134): GLib-GObject-CRITICAL **: g_object_unref: assertion 'object->ref_count > 0' failed

(/usr/lib/firefox/firefox:190): GLib-GObject-CRITICAL **: g_object_ref: assertion 'object->ref_count > 0' failed

(/usr/lib/firefox/firefox:190): GLib-GObject-CRITICAL **: g_object_unref: assertion 'object->ref_count > 0' failed

(/usr/lib/firefox/firefox:190): GLib-GObject-CRITICAL **: g_object_ref: assertion 'object->ref_count > 0' failed

(/usr/lib/firefox/firefox:190): GLib-GObject-CRITICAL **: g_object_unref: assertion 'object->ref_count > 0' failed

(/usr/lib/firefox/firefox:190): GLib-GObject-CRITICAL **: g_object_ref: assertion 'object->ref_count > 0' failed

(/usr/lib/firefox/firefox:190): GLib-GObject-CRITICAL **: g_object_unref: assertion 'object->ref_count > 0' failed
1513362191671	Marionette	INFO	Listening on port 55036
1513362191680	Marionette	WARN	TLS certificate errors will be ignored for this session
1513362191737	Marionette	DEBUG	Register listener.js for window 2147483649
1513362191766	Marionette	DEBUG	Received DOM event "beforeunload" for "about:blank"
1513362191807	Marionette	DEBUG	Received DOM event "pagehide" for "about:blank"
1513362191808	Marionette	DEBUG	Received DOM event "unload" for "about:blank"
1513362191814	Marionette	DEBUG	Received DOM event "DOMContentLoaded" for "http://localhost:8000/"
1513362191854	Marionette	DEBUG	Received DOM event "pageshow" for "http://localhost:8000/"
1513362192002	addons.xpi	WARN	Exception running bootstrap method shutdown on activity-stream@mozilla.org: [Exception... "Component returned failure code: 0x80004005 (NS_ERROR_FAILURE) [nsIObserverService.removeObserver]"  nsresult: "0x80004005 (NS_ERROR_FAILURE)"  location: "JS frame :: resource://activity-stream/lib/SnippetsFeed.jsm :: uninit :: line 123"  data: no] Stack trace: uninit()@resource://activity-stream/lib/SnippetsFeed.jsm:123 < onAction()@resource://activity-stream/lib/SnippetsFeed.jsm:138 < _middleware/</<()@resource://activity-stream/lib/Store.jsm:52 < Store/this[method]()@resource://activity-stream/lib/Store.jsm:31 < uninit()@resource://activity-stream/lib/Store.jsm:151 < uninit()@resource://activity-stream/lib/ActivityStream.jsm:266 < uninit()@resource://gre/modules/addons/XPIProvider.jsm -> jar:file:///usr/lib/firefox/browser/features/activity-stream@mozilla.org.xpi!/bootstrap.js:80 < shutdown()@resource://gre/modules/addons/XPIProvider.jsm -> jar:file:///usr/lib/firefox/browser/features/activity-stream@mozilla.org.xpi!/bootstrap.js:196 < callBootstrapMethod()@resource://gre/modules/addons/XPIProvider.jsm:4509 < observe()@resource://gre/modules/addons/XPIProvider.jsm:2281 < GeckoDriver.prototype.quit()@driver.js:3307 < despatch()@server.js:553 < execute()@server.js:527 < onPacket/<()@server.js:502 < onPacket()@server.js:501 < _onJSONObjectReady/<()@transport.js:501
1513369858471	geckodriver	INFO	geckodriver 0.18.0
1513369858476	geckodriver	INFO	Listening on 127.0.0.1:58436
1513369858644	geckodriver::marionette	INFO	Starting browser /usr/bin/firefox with args ["-marionette"]
1513369860783	Marionette	INFO	Enabled via --marionette

(firefox:320): GLib-GObject-CRITICAL **: g_object_ref: assertion 'object->ref_count > 0' failed

(firefox:320): GLib-GObject-CRITICAL **: g_object_unref: assertion 'object->ref_count > 0' failed

(firefox:320): GLib-GObject-CRITICAL **: g_object_ref: assertion 'object->ref_count > 0' failed

(firefox:320): GLib-GObject-CRITICAL **: g_object_unref: assertion 'object->ref_count > 0' failed

(firefox:320): GLib-GObject-CRITICAL **: g_object_ref: assertion 'object->ref_count > 0' failed

(firefox:320): GLib-GObject-CRITICAL **: g_object_unref: assertion 'object->ref_count > 0' failed

(/usr/lib/firefox/firefox:377): GLib-GObject-CRITICAL **: g_object_ref: assertion 'object->ref_count > 0' failed

(/usr/lib/firefox/firefox:377): GLib-GObject-CRITICAL **: g_object_unref: assertion 'object->ref_count > 0' failed

(/usr/lib/firefox/firefox:377): GLib-GObject-CRITICAL **: g_object_ref: assertion 'object->ref_count > 0' failed

(/usr/lib/firefox/firefox:377): GLib-GObject-CRITICAL **: g_object_unref: assertion 'object->ref_count > 0' failed

(/usr/lib/firefox/firefox:377): GLib-GObject-CRITICAL **: g_object_ref: assertion 'object->ref_count > 0' failed

(/usr/lib/firefox/firefox:377): GLib-GObject-CRITICAL **: g_object_unref: assertion 'object->ref_count > 0' failed
1513369863047	Marionette	INFO	Listening on port 58440
1513369863084	Marionette	WARN	TLS certificate errors will be ignored for this session
1513369863137	Marionette	DEBUG	Register listener.js for window 2147483649
1513369863194	Marionette	DEBUG	Received DOM event "beforeunload" for "about:blank"
1513369863256	Marionette	DEBUG	Received DOM event "pagehide" for "about:blank"
1513369863256	Marionette	DEBUG	Received DOM event "unload" for "about:blank"
1513369863265	Marionette	DEBUG	Received DOM event "DOMContentLoaded" for "http://localhost:8000/"
1513369863313	Marionette	DEBUG	Received DOM event "pageshow" for "http://localhost:8000/"
1513369863409	addons.xpi	WARN	Exception running bootstrap method shutdown on activity-stream@mozilla.org: [Exception... "Component returned failure code: 0x80004005 (NS_ERROR_FAILURE) [nsIObserverService.removeObserver]"  nsresult: "0x80004005 (NS_ERROR_FAILURE)"  location: "JS frame :: resource://activity-stream/lib/SnippetsFeed.jsm :: uninit :: line 123"  data: no] Stack trace: uninit()@resource://activity-stream/lib/SnippetsFeed.jsm:123 < onAction()@resource://activity-stream/lib/SnippetsFeed.jsm:138 < _middleware/</<()@resource://activity-stream/lib/Store.jsm:52 < Store/this[method]()@resource://activity-stream/lib/Store.jsm:31 < uninit()@resource://activity-stream/lib/Store.jsm:151 < uninit()@resource://activity-stream/lib/ActivityStream.jsm:266 < uninit()@resource://gre/modules/addons/XPIProvider.jsm -> jar:file:///usr/lib/firefox/browser/features/activity-stream@mozilla.org.xpi!/bootstrap.js:80 < shutdown()@resource://gre/modules/addons/XPIProvider.jsm -> jar:file:///usr/lib/firefox/browser/features/activity-stream@mozilla.org.xpi!/bootstrap.js:196 < callBootstrapMethod()@resource://gre/modules/addons/XPIProvider.jsm:4509 < observe()@resource://gre/modules/addons/XPIProvider.jsm:2281 < GeckoDriver.prototype.quit()@driver.js:3307 < despatch()@server.js:553 < execute()@server.js:527 < onPacket/<()@server.js:502 < onPacket()@server.js:501 < _onJSONObjectReady/<()@transport.js:501
1513614089589	geckodriver	INFO	geckodriver 0.18.0
1513614089596	geckodriver	INFO	Listening on 127.0.0.1:50665
1513614090277	geckodriver::marionette	INFO	Starting browser /usr/bin/firefox with args ["-marionette"]
error: XDG_RUNTIME_DIR not set in the environment.
Error: cannot open display: :0
1513614115970	geckodriver	INFO	geckodriver 0.18.0
1513614115973	geckodriver	INFO	Listening on 127.0.0.1:50703
1513614116125	geckodriver::marionette	INFO	Starting browser /usr/bin/firefox with args ["-marionette"]
1513614118654	Marionette	INFO	Enabled via --marionette

(firefox:204): GLib-GObject-CRITICAL **: g_object_ref: assertion 'object->ref_count > 0' failed

(firefox:204): GLib-GObject-CRITICAL **: g_object_unref: assertion 'object->ref_count > 0' failed

(firefox:204): GLib-GObject-CRITICAL **: g_object_ref: assertion 'object->ref_count > 0' failed

(firefox:204): GLib-GObject-CRITICAL **: g_object_unref: assertion 'object->ref_count > 0' failed

(firefox:204): GLib-GObject-CRITICAL **: g_object_ref: assertion 'object->ref_count > 0' failed

(firefox:204): GLib-GObject-CRITICAL **: g_object_unref: assertion 'object->ref_count > 0' failed

(/usr/lib/firefox/firefox:259): GLib-GObject-CRITICAL **: g_object_ref: assertion 'object->ref_count > 0' failed

(/usr/lib/firefox/firefox:259): GLib-GObject-CRITICAL **: g_object_unref: assertion 'object->ref_count > 0' failed

(/usr/lib/firefox/firefox:259): GLib-GObject-CRITICAL **: g_object_ref: assertion 'object->ref_count > 0' failed

(/usr/lib/firefox/firefox:259): GLib-GObject-CRITICAL **: g_object_unref: assertion 'object->ref_count > 0' failed

(/usr/lib/firefox/firefox:259): GLib-GObject-CRITICAL **: g_object_ref: assertion 'object->ref_count > 0' failed

(/usr/lib/firefox/firefox:259): GLib-GObject-CRITICAL **: g_object_unref: assertion 'object->ref_count > 0' failed
1513614121223	Marionette	INFO	Listening on port 50707
1513614121574	Marionette	WARN	TLS certificate errors will be ignored for this session
1513614121629	Marionette	DEBUG	Register listener.js for window 2147483649
1513614121652	Marionette	DEBUG	Received DOM event "beforeunload" for "about:blank"
1513614121704	Marionette	DEBUG	Received DOM event "pagehide" for "about:blank"
1513614121704	Marionette	DEBUG	Received DOM event "unload" for "about:blank"
1513614121709	Marionette	DEBUG	Received DOM event "DOMContentLoaded" for "http://localhost:8000/"
1513614121712	Marionette	DEBUG	Received DOM event "pageshow" for "http://localhost:8000/"
1513620772678	geckodriver	INFO	geckodriver 0.18.0
1513620772682	geckodriver	INFO	Listening on 127.0.0.1:55415
1513620772854	geckodriver::marionette	INFO	Starting browser /usr/bin/firefox with args ["-marionette"]
1513620775068	Marionette	INFO	Enabled via --marionette

(firefox:497): GLib-GObject-CRITICAL **: g_object_ref: assertion 'object->ref_count > 0' failed

(firefox:497): GLib-GObject-CRITICAL **: g_object_unref: assertion 'object->ref_count > 0' failed

(firefox:497): GLib-GObject-CRITICAL **: g_object_ref: assertion 'object->ref_count > 0' failed

(firefox:497): GLib-GObject-CRITICAL **: g_object_unref: assertion 'object->ref_count > 0' failed

(firefox:497): GLib-GObject-CRITICAL **: g_object_ref: assertion 'object->ref_count > 0' failed

(firefox:497): GLib-GObject-CRITICAL **: g_object_unref: assertion 'object->ref_count > 0' failed

(/usr/lib/firefox/firefox:552): GLib-GObject-CRITICAL **: g_object_ref: assertion 'object->ref_count > 0' failed

(/usr/lib/firefox/firefox:552): GLib-GObject-CRITICAL **: g_object_unref: assertion 'object->ref_count > 0' failed

(/usr/lib/firefox/firefox:552): GLib-GObject-CRITICAL **: g_object_ref: assertion 'object->ref_count > 0' failed

(/usr/lib/firefox/firefox:552): GLib-GObject-CRITICAL **: g_object_unref: assertion 'object->ref_count > 0' failed

(/usr/lib/firefox/firefox:552): GLib-GObject-CRITICAL **: g_object_ref: assertion 'object->ref_count > 0' failed

(/usr/lib/firefox/firefox:552): GLib-GObject-CRITICAL **: g_object_unref: assertion 'object->ref_count > 0' failed
1513620777401	Marionette	INFO	Listening on port 55419
1513620777797	Marionette	WARN	TLS certificate errors will be ignored for this session
1513620777853	Marionette	DEBUG	Register listener.js for window 2147483649
1513620777877	Marionette	DEBUG	Received DOM event "beforeunload" for "about:blank"
1513620777910	Marionette	DEBUG	Received DOM event "pagehide" for "about:blank"
1513620777910	Marionette	DEBUG	Received DOM event "unload" for "about:blank"
1513620777917	Marionette	DEBUG	Received DOM event "DOMContentLoaded" for "http://localhost:8000/"
1513620777946	Marionette	DEBUG	Received DOM event "pageshow" for "http://localhost:8000/"
1513620834488	geckodriver	INFO	geckodriver 0.18.0
1513620834492	geckodriver	INFO	Listening on 127.0.0.1:55452
1513620834685	geckodriver::marionette	INFO	Starting browser /usr/bin/firefox with args ["-marionette"]
1513620836855	Marionette	INFO	Enabled via --marionette

(firefox:641): GLib-GObject-CRITICAL **: g_object_ref: assertion 'object->ref_count > 0' failed

(firefox:641): GLib-GObject-CRITICAL **: g_object_unref: assertion 'object->ref_count > 0' failed

(firefox:641): GLib-GObject-CRITICAL **: g_object_ref: assertion 'object->ref_count > 0' failed

(firefox:641): GLib-GObject-CRITICAL **: g_object_unref: assertion 'object->ref_count > 0' failed

(firefox:641): GLib-GObject-CRITICAL **: g_object_ref: assertion 'object->ref_count > 0' failed

(firefox:641): GLib-GObject-CRITICAL **: g_object_unref: assertion 'object->ref_count > 0' failed

(/usr/lib/firefox/firefox:696): GLib-GObject-CRITICAL **: g_object_ref: assertion 'object->ref_count > 0' failed

(/usr/lib/firefox/firefox:696): GLib-GObject-CRITICAL **: g_object_unref: assertion 'object->ref_count > 0' failed

(/usr/lib/firefox/firefox:696): GLib-GObject-CRITICAL **: g_object_ref: assertion 'object->ref_count > 0' failed

(/usr/lib/firefox/firefox:696): GLib-GObject-CRITICAL **: g_object_unref: assertion 'object->ref_count > 0' failed

(/usr/lib/firefox/firefox:696): GLib-GObject-CRITICAL **: g_object_ref: assertion 'object->ref_count > 0' failed

(/usr/lib/firefox/firefox:696): GLib-GObject-CRITICAL **: g_object_unref: assertion 'object->ref_count > 0' failed
1513620839211	Marionette	INFO	Listening on port 55456
1513620839623	Marionette	WARN	TLS certificate errors will be ignored for this session
1513620839681	Marionette	DEBUG	Register listener.js for window 2147483649
1513620839708	Marionette	DEBUG	Received DOM event "beforeunload" for "about:blank"
1513620839735	Marionette	DEBUG	Received DOM event "pagehide" for "about:blank"
1513620839735	Marionette	DEBUG	Received DOM event "unload" for "about:blank"
1513620839744	Marionette	DEBUG	Received DOM event "DOMContentLoaded" for "http://localhost:8000/"
1513620839794	Marionette	DEBUG	Received DOM event "pageshow" for "http://localhost:8000/"
1513621005058	geckodriver	INFO	geckodriver 0.18.0
1513621005061	geckodriver	INFO	Listening on 127.0.0.1:55526
1513621005229	geckodriver::marionette	INFO	Starting browser /usr/bin/firefox with args ["-marionette"]
1513621007303	Marionette	INFO	Enabled via --marionette

(firefox:788): GLib-GObject-CRITICAL **: g_object_ref: assertion 'object->ref_count > 0' failed

(firefox:788): GLib-GObject-CRITICAL **: g_object_unref: assertion 'object->ref_count > 0' failed

(firefox:788): GLib-GObject-CRITICAL **: g_object_ref: assertion 'object->ref_count > 0' failed

(firefox:788): GLib-GObject-CRITICAL **: g_object_unref: assertion 'object->ref_count > 0' failed

(firefox:788): GLib-GObject-CRITICAL **: g_object_ref: assertion 'object->ref_count > 0' failed

(firefox:788): GLib-GObject-CRITICAL **: g_object_unref: assertion 'object->ref_count > 0' failed

(/usr/lib/firefox/firefox:846): GLib-GObject-CRITICAL **: g_object_ref: assertion 'object->ref_count > 0' failed

(/usr/lib/firefox/firefox:846): GLib-GObject-CRITICAL **: g_object_unref: assertion 'object->ref_count > 0' failed

(/usr/lib/firefox/firefox:846): GLib-GObject-CRITICAL **: g_object_ref: assertion 'object->ref_count > 0' failed

(/usr/lib/firefox/firefox:846): GLib-GObject-CRITICAL **: g_object_unref: assertion 'object->ref_count > 0' failed

(/usr/lib/firefox/firefox:846): GLib-GObject-CRITICAL **: g_object_ref: assertion 'object->ref_count > 0' failed

(/usr/lib/firefox/firefox:846): GLib-GObject-CRITICAL **: g_object_unref: assertion 'object->ref_count > 0' failed
1513621009858	Marionette	INFO	Listening on port 55530
1513621010164	Marionette	WARN	TLS certificate errors will be ignored for this session
1513621010217	Marionette	DEBUG	Register listener.js for window 2147483649
1513621010242	Marionette	DEBUG	Received DOM event "beforeunload" for "about:blank"
1513621010275	Marionette	DEBUG	Received DOM event "pagehide" for "about:blank"
1513621010275	Marionette	DEBUG	Received DOM event "unload" for "about:blank"
1513621010285	Marionette	DEBUG	Received DOM event "DOMContentLoaded" for "http://localhost:8000/"
1513621010324	Marionette	DEBUG	Received DOM event "pageshow" for "http://localhost:8000/"
1513621099755	geckodriver	INFO	geckodriver 0.18.0
1513621099759	geckodriver	INFO	Listening on 127.0.0.1:55577
1513621099928	geckodriver::marionette	INFO	Starting browser /usr/bin/firefox with args ["-marionette"]
1513621101985	Marionette	INFO	Enabled via --marionette

(firefox:932): GLib-GObject-CRITICAL **: g_object_ref: assertion 'object->ref_count > 0' failed

(firefox:932): GLib-GObject-CRITICAL **: g_object_unref: assertion 'object->ref_count > 0' failed

(firefox:932): GLib-GObject-CRITICAL **: g_object_ref: assertion 'object->ref_count > 0' failed

(firefox:932): GLib-GObject-CRITICAL **: g_object_unref: assertion 'object->ref_count > 0' failed

(firefox:932): GLib-GObject-CRITICAL **: g_object_ref: assertion 'object->ref_count > 0' failed

(firefox:932): GLib-GObject-CRITICAL **: g_object_unref: assertion 'object->ref_count > 0' failed

(/usr/lib/firefox/firefox:988): GLib-GObject-CRITICAL **: g_object_ref: assertion 'object->ref_count > 0' failed

(/usr/lib/firefox/firefox:988): GLib-GObject-CRITICAL **: g_object_unref: assertion 'object->ref_count > 0' failed

(/usr/lib/firefox/firefox:988): GLib-GObject-CRITICAL **: g_object_ref: assertion 'object->ref_count > 0' failed

(/usr/lib/firefox/firefox:988): GLib-GObject-CRITICAL **: g_object_unref: assertion 'object->ref_count > 0' failed

(/usr/lib/firefox/firefox:988): GLib-GObject-CRITICAL **: g_object_ref: assertion 'object->ref_count > 0' failed

(/usr/lib/firefox/firefox:988): GLib-GObject-CRITICAL **: g_object_unref: assertion 'object->ref_count > 0' failed
1513621104508	Marionette	INFO	Listening on port 55581
1513621104863	Marionette	WARN	TLS certificate errors will be ignored for this session
1513621104915	Marionette	DEBUG	Register listener.js for window 2147483649
1513621104943	Marionette	DEBUG	Received DOM event "beforeunload" for "about:blank"
1513621104966	Marionette	DEBUG	Received DOM event "pagehide" for "about:blank"
1513621104967	Marionette	DEBUG	Received DOM event "unload" for "about:blank"
1513621104973	Marionette	DEBUG	Received DOM event "DOMContentLoaded" for "http://localhost:8000/"
1513621105009	Marionette	DEBUG	Received DOM event "pageshow" for "http://localhost:8000/"
1513621141176	geckodriver	INFO	geckodriver 0.18.0
1513621141180	geckodriver	INFO	Listening on 127.0.0.1:55611
1513621141347	geckodriver::marionette	INFO	Starting browser /usr/bin/firefox with args ["-marionette"]
1513621143395	Marionette	INFO	Enabled via --marionette

(firefox:1074): GLib-GObject-CRITICAL **: g_object_ref: assertion 'object->ref_count > 0' failed

(firefox:1074): GLib-GObject-CRITICAL **: g_object_unref: assertion 'object->ref_count > 0' failed

(firefox:1074): GLib-GObject-CRITICAL **: g_object_ref: assertion 'object->ref_count > 0' failed

(firefox:1074): GLib-GObject-CRITICAL **: g_object_unref: assertion 'object->ref_count > 0' failed

(firefox:1074): GLib-GObject-CRITICAL **: g_object_ref: assertion 'object->ref_count > 0' failed

(firefox:1074): GLib-GObject-CRITICAL **: g_object_unref: assertion 'object->ref_count > 0' failed

(/usr/lib/firefox/firefox:1131): GLib-GObject-CRITICAL **: g_object_ref: assertion 'object->ref_count > 0' failed

(/usr/lib/firefox/firefox:1131): GLib-GObject-CRITICAL **: g_object_unref: assertion 'object->ref_count > 0' failed

(/usr/lib/firefox/firefox:1131): GLib-GObject-CRITICAL **: g_object_ref: assertion 'object->ref_count > 0' failed

(/usr/lib/firefox/firefox:1131): GLib-GObject-CRITICAL **: g_object_unref: assertion 'object->ref_count > 0' failed

(/usr/lib/firefox/firefox:1131): GLib-GObject-CRITICAL **: g_object_ref: assertion 'object->ref_count > 0' failed

(/usr/lib/firefox/firefox:1131): GLib-GObject-CRITICAL **: g_object_unref: assertion 'object->ref_count > 0' failed
1513621145711	Marionette	INFO	Listening on port 55615
1513621145845	Marionette	WARN	TLS certificate errors will be ignored for this session
1513621145913	Marionette	DEBUG	Register listener.js for window 2147483649
1513621145957	Marionette	DEBUG	Received DOM event "beforeunload" for "about:blank"
1513621146014	Marionette	DEBUG	Received DOM event "pagehide" for "about:blank"
1513621146015	Marionette	DEBUG	Received DOM event "unload" for "about:blank"
1513621146023	Marionette	DEBUG	Received DOM event "DOMContentLoaded" for "http://localhost:8000/"
1513621146064	Marionette	DEBUG	Received DOM event "pageshow" for "http://localhost:8000/"
1513621809991	geckodriver	INFO	geckodriver 0.18.0
1513621809995	geckodriver	INFO	Listening on 127.0.0.1:55738
1513621810166	geckodriver::marionette	INFO	Starting browser /usr/bin/firefox with args ["-marionette"]
1513621812209	Marionette	INFO	Enabled via --marionette

(firefox:1217): GLib-GObject-CRITICAL **: g_object_ref: assertion 'object->ref_count > 0' failed

(firefox:1217): GLib-GObject-CRITICAL **: g_object_unref: assertion 'object->ref_count > 0' failed

(firefox:1217): GLib-GObject-CRITICAL **: g_object_ref: assertion 'object->ref_count > 0' failed

(firefox:1217): GLib-GObject-CRITICAL **: g_object_unref: assertion 'object->ref_count > 0' failed

(firefox:1217): GLib-GObject-CRITICAL **: g_object_ref: assertion 'object->ref_count > 0' failed

(firefox:1217): GLib-GObject-CRITICAL **: g_object_unref: assertion 'object->ref_count > 0' failed

(/usr/lib/firefox/firefox:1273): GLib-GObject-CRITICAL **: g_object_ref: assertion 'object->ref_count > 0' failed

(/usr/lib/firefox/firefox:1273): GLib-GObject-CRITICAL **: g_object_unref: assertion 'object->ref_count > 0' failed

(/usr/lib/firefox/firefox:1273): GLib-GObject-CRITICAL **: g_object_ref: assertion 'object->ref_count > 0' failed

(/usr/lib/firefox/firefox:1273): GLib-GObject-CRITICAL **: g_object_unref: assertion 'object->ref_count > 0' failed

(/usr/lib/firefox/firefox:1273): GLib-GObject-CRITICAL **: g_object_ref: assertion 'object->ref_count > 0' failed

(/usr/lib/firefox/firefox:1273): GLib-GObject-CRITICAL **: g_object_unref: assertion 'object->ref_count > 0' failed
1513621814727	Marionette	INFO	Listening on port 55742
1513621815099	Marionette	WARN	TLS certificate errors will be ignored for this session
1513621815151	Marionette	DEBUG	Register listener.js for window 2147483649
1513621815176	Marionette	DEBUG	Received DOM event "beforeunload" for "about:blank"
1513621815198	Marionette	DEBUG	Received DOM event "pagehide" for "about:blank"
1513621815198	Marionette	DEBUG	Received DOM event "unload" for "about:blank"
1513621815203	Marionette	DEBUG	Received DOM event "DOMContentLoaded" for "http://localhost:8000/"
1513621815244	Marionette	DEBUG	Received DOM event "pageshow" for "http://localhost:8000/"
1513621846664	geckodriver	INFO	geckodriver 0.18.0
1513621846668	geckodriver	INFO	Listening on 127.0.0.1:55776
1513621846834	geckodriver::marionette	INFO	Starting browser /usr/bin/firefox with args ["-marionette"]
1513621848942	Marionette	INFO	Enabled via --marionette

(firefox:1359): GLib-GObject-CRITICAL **: g_object_ref: assertion 'object->ref_count > 0' failed

(firefox:1359): GLib-GObject-CRITICAL **: g_object_unref: assertion 'object->ref_count > 0' failed

(firefox:1359): GLib-GObject-CRITICAL **: g_object_ref: assertion 'object->ref_count > 0' failed

(firefox:1359): GLib-GObject-CRITICAL **: g_object_unref: assertion 'object->ref_count > 0' failed

(firefox:1359): GLib-GObject-CRITICAL **: g_object_ref: assertion 'object->ref_count > 0' failed

(firefox:1359): GLib-GObject-CRITICAL **: g_object_unref: assertion 'object->ref_count > 0' failed

(/usr/lib/firefox/firefox:1418): GLib-GObject-CRITICAL **: g_object_ref: assertion 'object->ref_count > 0' failed

(/usr/lib/firefox/firefox:1418): GLib-GObject-CRITICAL **: g_object_unref: assertion 'object->ref_count > 0' failed

(/usr/lib/firefox/firefox:1418): GLib-GObject-CRITICAL **: g_object_ref: assertion 'object->ref_count > 0' failed

(/usr/lib/firefox/firefox:1418): GLib-GObject-CRITICAL **: g_object_unref: assertion 'object->ref_count > 0' failed

(/usr/lib/firefox/firefox:1418): GLib-GObject-CRITICAL **: g_object_ref: assertion 'object->ref_count > 0' failed

(/usr/lib/firefox/firefox:1418): GLib-GObject-CRITICAL **: g_object_unref: assertion 'object->ref_count > 0' failed
1513621851389	Marionette	INFO	Listening on port 55780
1513621851770	Marionette	WARN	TLS certificate errors will be ignored for this session
1513621851821	Marionette	DEBUG	Register listener.js for window 2147483649
1513621851845	Marionette	DEBUG	Received DOM event "beforeunload" for "about:blank"
1513621851869	Marionette	DEBUG	Received DOM event "pagehide" for "about:blank"
1513621851869	Marionette	DEBUG	Received DOM event "unload" for "about:blank"
1513621851874	Marionette	DEBUG	Received DOM event "DOMContentLoaded" for "http://localhost:8000/"
1513621851915	Marionette	DEBUG	Received DOM event "pageshow" for "http://localhost:8000/"
